<?xml version="1.0" encoding="UTF-8"?>
<testsuite xmlns:xsi="http://www.w3.org/2001/XMLSchema-instance" xsi:noNamespaceSchemaLocation="https://maven.apache.org/surefire/maven-surefire-plugin/xsd/surefire-test-report.xsd" name="TestSuite" time="21.37" tests="10" errors="0" skipped="0" failures="10">
  <properties>
[...]
</properties>
  <testcase name="LccDomesticOneWayOneAdult_Case1" classname="TestResultCount.TestResultCount" time="3.31">
    <failure message="Cannot invoke method getAt() on null object" type="java.lang.IllegalArgumentException">java.lang.IllegalArgumentException: Cannot invoke method getAt() on null object
	at TestResultCount.TestResultCount.LccDomesticOneWayOneAdult_Case1(TestResultCount.java:33)
Caused by: java.lang.NullPointerException: Cannot invoke method getAt() on null object
	at TestResultCount.TestResultCount.LccDomesticOneWayOneAdult_Case1(TestResultCount.java:33)
</failure>
    <system-out><![CDATA[{"origin":"DAC","destination":"JSR","preferredDepartureTime":"2019-12-22T00:00:00","preferredAirlines":[],"preferredArrivalTime":"2019-12-24T00:00:00"}
{"segment":[{"origin":"DAC","destination":"JSR","preferredDepartureTime":"2019-12-22T00:00:00","preferredAirlines":[],"preferredArrivalTime":"2019-12-24T00:00:00"}],"ipaddress":"192.168.6.68","tokenId":"4d777294-6362-4a88-92dc-720b25bf87e0","journeyType":1,"adultCount":1,"infantCount":0,"childCount":0,"flightCabinClass":1,"preferredCarrier":null}
Elapsed time in milliseconds in oneway search: 2754
Error message is Authentication Failure
]]></system-out>
  </testcase>
  <testcase name="DomesticOneWayOneAdult_Case1" classname="TestResultCount.TestResultCount" time="1.002">
    <failure message="Cannot invoke method getAt() on null object" type="java.lang.IllegalArgumentException">java.lang.IllegalArgumentException: Cannot invoke method getAt() on null object
	at TestResultCount.TestResultCount.DomesticOneWayOneAdult_Case1(TestResultCount.java:40)
Caused by: java.lang.NullPointerException: Cannot invoke method getAt() on null object
	at TestResultCount.TestResultCount.DomesticOneWayOneAdult_Case1(TestResultCount.java:40)
</failure>
    <system-out><![CDATA[{"origin":"BKK","destination":"SIN","preferredDepartureTime":"2019-12-22T00:00:00","preferredAirlines":[],"preferredArrivalTime":"2019-12-24T00:00:00"}
{"segment":[{"origin":"BKK","destination":"SIN","preferredDepartureTime":"2019-12-22T00:00:00","preferredAirlines":[],"preferredArrivalTime":"2019-12-24T00:00:00"}],"ipaddress":"192.168.6.68","tokenId":"4d777294-6362-4a88-92dc-720b25bf87e0","journeyType":1,"adultCount":1,"infantCount":0,"childCount":0,"flightCabinClass":1,"preferredCarrier":null}
Elapsed time in milliseconds in oneway search: 969
Error message is Authentication Failure
]]></system-out>
  </testcase>
  <testcase name="DomesticOneWayTwoAdult_Case1" classname="TestResultCount.TestResultCount" time="0.951">
    <failure message="Cannot invoke method getAt() on null object" type="java.lang.IllegalArgumentException">java.lang.IllegalArgumentException: Cannot invoke method getAt() on null object
	at TestResultCount.TestResultCount.DomesticOneWayTwoAdult_Case1(TestResultCount.java:47)
Caused by: java.lang.NullPointerException: Cannot invoke method getAt() on null object
	at TestResultCount.TestResultCount.DomesticOneWayTwoAdult_Case1(TestResultCount.java:47)
</failure>
    <system-out><![CDATA[{"origin":"DXB","destination":"MNN","preferredDepartureTime":"2019-12-22T00:00:00","preferredAirlines":[],"preferredArrivalTime":"2019-12-24T00:00:00"}
{"segment":[{"origin":"DXB","destination":"MNN","preferredDepartureTime":"2019-12-22T00:00:00","preferredAirlines":[],"preferredArrivalTime":"2019-12-24T00:00:00"}],"ipaddress":"192.168.6.68","tokenId":"4d777294-6362-4a88-92dc-720b25bf87e0","journeyType":1,"adultCount":1,"infantCount":0,"childCount":0,"flightCabinClass":1,"preferredCarrier":null}
Elapsed time in milliseconds in oneway search: 922
Error message is Authentication Failure
]]></system-out>
  </testcase>
  <testcase name="DomesticOneWayTAdult1_Case1" classname="TestResultCount.TestResultCount" time="0.95">
    <failure message="Cannot invoke method getAt() on null object" type="java.lang.IllegalArgumentException">java.lang.IllegalArgumentException: Cannot invoke method getAt() on null object
	at TestResultCount.TestResultCount.DomesticOneWayTAdult1_Case1(TestResultCount.java:54)
Caused by: java.lang.NullPointerException: Cannot invoke method getAt() on null object
	at TestResultCount.TestResultCount.DomesticOneWayTAdult1_Case1(TestResultCount.java:54)
</failure>
    <system-out><![CDATA[{"origin":"CAI","destination":"DXB","preferredDepartureTime":"2019-12-22T00:00:00","preferredAirlines":[],"preferredArrivalTime":"2019-12-24T00:00:00"}
{"segment":[{"origin":"CAI","destination":"DXB","preferredDepartureTime":"2019-12-22T00:00:00","preferredAirlines":[],"preferredArrivalTime":"2019-12-24T00:00:00"}],"ipaddress":"192.168.6.68","tokenId":"4d777294-6362-4a88-92dc-720b25bf87e0","journeyType":1,"adultCount":1,"infantCount":0,"childCount":0,"flightCabinClass":1,"preferredCarrier":null}
Elapsed time in milliseconds in oneway search: 916
Error message is Authentication Failure
]]></system-out>
  </testcase>
  <testcase name="AirArabia_Case1" classname="TestResultCount.TestResultCount" time="1.048">
    <failure message="Cannot invoke method getAt() on null object" type="java.lang.IllegalArgumentException">java.lang.IllegalArgumentException: Cannot invoke method getAt() on null object
	at TestResultCount.TestResultCount.AirArabia_Case1(TestResultCount.java:67)
Caused by: java.lang.NullPointerException: Cannot invoke method getAt() on null object
	at TestResultCount.TestResultCount.AirArabia_Case1(TestResultCount.java:67)
</failure>
    <system-out><![CDATA[{"origin":"SHJ","destination":"COK","preferredDepartureTime":"2019-12-22T00:00:00","preferredAirlines":[],"preferredArrivalTime":"2019-12-24T00:00:00"}
{"segment":[{"origin":"SHJ","destination":"COK","preferredDepartureTime":"2019-12-22T00:00:00","preferredAirlines":[],"preferredArrivalTime":"2019-12-24T00:00:00"}],"ipaddress":"192.168.6.68","tokenId":"4d777294-6362-4a88-92dc-720b25bf87e0","journeyType":1,"adultCount":1,"infantCount":0,"childCount":0,"flightCabinClass":1,"preferredCarrier":null}
Elapsed time in milliseconds in oneway search: 914
Error message is Authentication Failure
]]></system-out>
  </testcase>
  <testcase name="Sabre_Case1" classname="TestResultCount.TestResultCount" time="1.028">
    <failure message="Cannot invoke method getAt() on null object" type="java.lang.IllegalArgumentException">java.lang.IllegalArgumentException: Cannot invoke method getAt() on null object
	at TestResultCount.TestResultCount.Sabre_Case1(TestResultCount.java:74)
Caused by: java.lang.NullPointerException: Cannot invoke method getAt() on null object
	at TestResultCount.TestResultCount.Sabre_Case1(TestResultCount.java:74)
</failure>
    <system-out><![CDATA[{"origin":"MNL","destination":"HKG","preferredDepartureTime":"2019-12-22T00:00:00","preferredAirlines":[],"preferredArrivalTime":"2019-12-24T00:00:00"}
{"segment":[{"origin":"MNL","destination":"HKG","preferredDepartureTime":"2019-12-22T00:00:00","preferredAirlines":[],"preferredArrivalTime":"2019-12-24T00:00:00"}],"ipaddress":"192.168.6.68","tokenId":"4d777294-6362-4a88-92dc-720b25bf87e0","journeyType":1,"adultCount":1,"infantCount":0,"childCount":0,"flightCabinClass":1,"preferredCarrier":null}
Elapsed time in milliseconds in oneway search: 992
Error message is Authentication Failure
]]></system-out>
  </testcase>
  <testcase name="Mondee_Case1" classname="TestResultCount.TestResultCount" time="1.491">
    <failure message="Cannot invoke method getAt() on null object" type="java.lang.IllegalArgumentException">java.lang.IllegalArgumentException: Cannot invoke method getAt() on null object
	at TestResultCount.TestResultCount.Mondee_Case1(TestResultCount.java:87)
Caused by: java.lang.NullPointerException: Cannot invoke method getAt() on null object
	at TestResultCount.TestResultCount.Mondee_Case1(TestResultCount.java:87)
</failure>
    <system-out><![CDATA[{"origin":"LAX","destination":"SIN","preferredDepartureTime":"2019-12-22T00:00:00","preferredAirlines":[],"preferredArrivalTime":"2019-12-24T00:00:00"}
{"segment":[{"origin":"LAX","destination":"SIN","preferredDepartureTime":"2019-12-22T00:00:00","preferredAirlines":[],"preferredArrivalTime":"2019-12-24T00:00:00"}],"ipaddress":"192.168.6.68","tokenId":"4d777294-6362-4a88-92dc-720b25bf87e0","journeyType":1,"adultCount":1,"infantCount":0,"childCount":0,"flightCabinClass":1,"preferredCarrier":null}
Elapsed time in milliseconds in oneway search: 1467
Error message is Authentication Failure
]]></system-out>
  </testcase>
  <testcase name="PegasusAirways_Case1" classname="TestResultCount.TestResultCount" time="1.02">
    <failure message="Cannot invoke method getAt() on null object" type="java.lang.IllegalArgumentException">java.lang.IllegalArgumentException: Cannot invoke method getAt() on null object
	at TestResultCount.TestResultCount.PegasusAirways_Case1(TestResultCount.java:111)
Caused by: java.lang.NullPointerException: Cannot invoke method getAt() on null object
	at TestResultCount.TestResultCount.PegasusAirways_Case1(TestResultCount.java:111)
</failure>
    <system-out><![CDATA[{"origin":"CGK","destination":"JED","preferredDepartureTime":"2019-12-22T00:00:00","preferredAirlines":[],"preferredArrivalTime":"2019-12-24T00:00:00"}
{"segment":[{"origin":"CGK","destination":"JED","preferredDepartureTime":"2019-12-22T00:00:00","preferredAirlines":[],"preferredArrivalTime":"2019-12-24T00:00:00"}],"ipaddress":"192.168.6.68","tokenId":"4d777294-6362-4a88-92dc-720b25bf87e0","journeyType":1,"adultCount":1,"infantCount":0,"childCount":0,"flightCabinClass":1,"preferredCarrier":null}
Elapsed time in milliseconds in oneway search: 983
Error message is Authentication Failure
]]></system-out>
  </testcase>
  <testcase name="AvivaCenterAmadeus_Case1" classname="TestResultCount.TestResultCount" time="0.96">
    <failure message="Cannot invoke method getAt() on null object" type="java.lang.IllegalArgumentException">java.lang.IllegalArgumentException: Cannot invoke method getAt() on null object
	at TestResultCount.TestResultCount.AvivaCenterAmadeus_Case1(TestResultCount.java:118)
Caused by: java.lang.NullPointerException: Cannot invoke method getAt() on null object
	at TestResultCount.TestResultCount.AvivaCenterAmadeus_Case1(TestResultCount.java:118)
</failure>
    <system-out><![CDATA[{"origin":"CAN","destination":"PEK","preferredDepartureTime":"2019-12-22T00:00:00","preferredAirlines":[],"preferredArrivalTime":"2019-12-24T00:00:00"}
{"segment":[{"origin":"CAN","destination":"PEK","preferredDepartureTime":"2019-12-22T00:00:00","preferredAirlines":[],"preferredArrivalTime":"2019-12-24T00:00:00"}],"ipaddress":"192.168.6.68","tokenId":"4d777294-6362-4a88-92dc-720b25bf87e0","journeyType":1,"adultCount":1,"infantCount":0,"childCount":0,"flightCabinClass":1,"preferredCarrier":null}
Elapsed time in milliseconds in oneway search: 920
Error message is Authentication Failure
]]></system-out>
  </testcase>
  <testcase name="FlightExperAmadeus_Case1" classname="TestResultCount.TestResultCount" time="0.944">
    <failure message="Cannot invoke method getAt() on null object" type="java.lang.IllegalArgumentException">java.lang.IllegalArgumentException: Cannot invoke method getAt() on null object
	at TestResultCount.TestResultCount.FlightExperAmadeus_Case1(TestResultCount.java:125)
Caused by: java.lang.NullPointerException: Cannot invoke method getAt() on null object
	at TestResultCount.TestResultCount.FlightExperAmadeus_Case1(TestResultCount.java:125)
</failure>
    <system-out><![CDATA[{"origin":"GYD","destination":"TBS","preferredDepartureTime":"2019-12-22T00:00:00","preferredAirlines":[],"preferredArrivalTime":"2019-12-24T00:00:00"}
{"segment":[{"origin":"GYD","destination":"TBS","preferredDepartureTime":"2019-12-22T00:00:00","preferredAirlines":[],"preferredArrivalTime":"2019-12-24T00:00:00"}],"ipaddress":"192.168.6.68","tokenId":"4d777294-6362-4a88-92dc-720b25bf87e0","journeyType":1,"adultCount":1,"infantCount":0,"childCount":0,"flightCabinClass":1,"preferredCarrier":null}
Elapsed time in milliseconds in oneway search: 910
Error message is Authentication Failure
]]></system-out>
  </testcase>
</testsuite>