-------------------------------------------------------------------------------
Test set: TestSuite
-------------------------------------------------------------------------------
Tests run: 10, Failures: 10, Errors: 0, Skipped: 0, Time elapsed: 21.37 s <<< FAILURE! - in TestSuite
LccDomesticOneWayOneAdult_Case1(TestResultCount.TestResultCount)  Time elapsed: 3.31 s  <<< FAILURE!
java.lang.IllegalArgumentException: Cannot invoke method getAt() on null object
	at TestResultCount.TestResultCount.LccDomesticOneWayOneAdult_Case1(TestResultCount.java:33)
Caused by: java.lang.NullPointerException: Cannot invoke method getAt() on null object
	at TestResultCount.TestResultCount.LccDomesticOneWayOneAdult_Case1(TestResultCount.java:33)

DomesticOneWayOneAdult_Case1(TestResultCount.TestResultCount)  Time elapsed: 1.002 s  <<< FAILURE!
java.lang.IllegalArgumentException: Cannot invoke method getAt() on null object
	at TestResultCount.TestResultCount.DomesticOneWayOneAdult_Case1(TestResultCount.java:40)
Caused by: java.lang.NullPointerException: Cannot invoke method getAt() on null object
	at TestResultCount.TestResultCount.DomesticOneWayOneAdult_Case1(TestResultCount.java:40)

DomesticOneWayTwoAdult_Case1(TestResultCount.TestResultCount)  Time elapsed: 0.951 s  <<< FAILURE!
java.lang.IllegalArgumentException: Cannot invoke method getAt() on null object
	at TestResultCount.TestResultCount.DomesticOneWayTwoAdult_Case1(TestResultCount.java:47)
Caused by: java.lang.NullPointerException: Cannot invoke method getAt() on null object
	at TestResultCount.TestResultCount.DomesticOneWayTwoAdult_Case1(TestResultCount.java:47)

DomesticOneWayTAdult1_Case1(TestResultCount.TestResultCount)  Time elapsed: 0.95 s  <<< FAILURE!
java.lang.IllegalArgumentException: Cannot invoke method getAt() on null object
	at TestResultCount.TestResultCount.DomesticOneWayTAdult1_Case1(TestResultCount.java:54)
Caused by: java.lang.NullPointerException: Cannot invoke method getAt() on null object
	at TestResultCount.TestResultCount.DomesticOneWayTAdult1_Case1(TestResultCount.java:54)

AirArabia_Case1(TestResultCount.TestResultCount)  Time elapsed: 1.048 s  <<< FAILURE!
java.lang.IllegalArgumentException: Cannot invoke method getAt() on null object
	at TestResultCount.TestResultCount.AirArabia_Case1(TestResultCount.java:67)
Caused by: java.lang.NullPointerException: Cannot invoke method getAt() on null object
	at TestResultCount.TestResultCount.AirArabia_Case1(TestResultCount.java:67)

Sabre_Case1(TestResultCount.TestResultCount)  Time elapsed: 1.028 s  <<< FAILURE!
java.lang.IllegalArgumentException: Cannot invoke method getAt() on null object
	at TestResultCount.TestResultCount.Sabre_Case1(TestResultCount.java:74)
Caused by: java.lang.NullPointerException: Cannot invoke method getAt() on null object
	at TestResultCount.TestResultCount.Sabre_Case1(TestResultCount.java:74)

Mondee_Case1(TestResultCount.TestResultCount)  Time elapsed: 1.491 s  <<< FAILURE!
java.lang.IllegalArgumentException: Cannot invoke method getAt() on null object
	at TestResultCount.TestResultCount.Mondee_Case1(TestResultCount.java:87)
Caused by: java.lang.NullPointerException: Cannot invoke method getAt() on null object
	at TestResultCount.TestResultCount.Mondee_Case1(TestResultCount.java:87)

PegasusAirways_Case1(TestResultCount.TestResultCount)  Time elapsed: 1.02 s  <<< FAILURE!
java.lang.IllegalArgumentException: Cannot invoke method getAt() on null object
	at TestResultCount.TestResultCount.PegasusAirways_Case1(TestResultCount.java:111)
Caused by: java.lang.NullPointerException: Cannot invoke method getAt() on null object
	at TestResultCount.TestResultCount.PegasusAirways_Case1(TestResultCount.java:111)

AvivaCenterAmadeus_Case1(TestResultCount.TestResultCount)  Time elapsed: 0.96 s  <<< FAILURE!
java.lang.IllegalArgumentException: Cannot invoke method getAt() on null object
	at TestResultCount.TestResultCount.AvivaCenterAmadeus_Case1(TestResultCount.java:118)
Caused by: java.lang.NullPointerException: Cannot invoke method getAt() on null object
	at TestResultCount.TestResultCount.AvivaCenterAmadeus_Case1(TestResultCount.java:118)

FlightExperAmadeus_Case1(TestResultCount.TestResultCount)  Time elapsed: 0.944 s  <<< FAILURE!
java.lang.IllegalArgumentException: Cannot invoke method getAt() on null object
	at TestResultCount.TestResultCount.FlightExperAmadeus_Case1(TestResultCount.java:125)
Caused by: java.lang.NullPointerException: Cannot invoke method getAt() on null object
	at TestResultCount.TestResultCount.FlightExperAmadeus_Case1(TestResultCount.java:125)

